Microsoft (R) Help Compiler
HCRTF 4.03.0002
Copyright (c) Microsoft Corp 1990 - 1995. All rights reserved.
leocad.hpj
    HC3037: Warning: C:\DEVSTUDIO\PROJECTS\LeoCAD\hlp\LeoCAD.hm : 
	The map value for "HID_ZOOM_EXTENTS" is the same as the map value for "HID_ACTION_ZOOM_EXTENTS".
    HC3037: Warning: C:\DEVSTUDIO\PROJECTS\LeoCAD\hlp\LeoCAD.hm : 
	The map value for "HID_MODDLG_PIECES" is the same as the map value for "HID_SNAP_ANGLE".
    HC3037: Warning: C:\DEVSTUDIO\PROJECTS\LeoCAD\hlp\LeoCAD.hm : 
	The map value for "HIDD_MINIFIG" is the same as the map value for "HIDR_FULLSCREEN".
    HC1002: Note: 
	Using existing phrase table: LeoCAD.ph.
    HC3025: Warning: topic #1 of C:\DevStudio\Projects\LEOCAD\hlp\.\afxcore.rtf : 
	Jump to undefined Topic ID: "menu_record".
    HC3025: Warning: topic #3 of C:\DevStudio\Projects\LEOCAD\hlp\.\afxcore.rtf : 
	Jump to undefined Topic ID: "HID_OLE_EDIT_LINKS".
    HC3025: Warning: topic #3 of C:\DevStudio\Projects\LEOCAD\hlp\.\afxcore.rtf : 
	Jump to undefined Topic ID: "HID_EDIT_PASTE_LINK".
    HC3025: Warning: topic #3 of C:\DevStudio\Projects\LEOCAD\hlp\.\afxcore.rtf : 
	Jump to undefined Topic ID: "HID_OLE_INSERT_NEW".
    HC1010: Note: 
	The following mapped Topic IDs were not used in any topic:
	HIDD_ARRAY
	HIDD_GROUP
	HIDD_IMAGE
	HID_CAMERA_LAST
	HID_PRINT_DESCRIPTION
	HID_FILE_SAVEPICTURE
	HID_PRINT_RIGHTALIGN
	HID_PIECE_ATTACH
	HID_PIECE_GROUP11
	HID_PIECE_GROUP12
	HID_PIECE_GROUP13
	HID_PIECE_GROUP14
	HID_PIECE_GROUP15
	HID_PIECE_GROUP16
	HID_PIECE_GROUP17
	HID_PIECE_GROUP18
	HID_PIECE_GROUP19
	HID_PIECE_GROUP10
	HID_PIECE_GROUP21
	HID_PIECE_GROUP22
	HID_PIECE_GROUP23
	HID_PIECE_GROUP24
	HID_PIECE_GROUP25
	HID_PIECE_GROUP26
	HID_PIECE_GROUP27
	HID_PIECE_GROUP28
	HID_PIECE_GROUP29
	HID_PIECE_GROUP20
	HID_PIECE_GROUP31
	HID_PIECE_GROUP32
	HID_PIECE_GROUP30
	HID_PIECE_GROUP01
	HID_PIECE_GROUP02
	HID_PIECE_GROUP03
	HID_PIECE_GROUP04
	HID_PIECE_GROUP05
	HID_PIECE_GROUP06
	HID_PIECE_GROUP07
	HID_PIECE_GROUP08
	HID_PIECE_GROUP09
	HID_ACTION_MOVE
	HID_ACTION_ROLL
	HID_ACTION_ZOOM
	HID_PRINT_CURRENTDATE
	HID_PRINT_CURRENTTIME
	HID_PART_FILE_OPEN
	HID_PART_FILE_SAVE
	HID_PIECEBAR_SUBPARTS
	HIDD_PREFGENERAL
	HID_ACTION_ZOOM_REGION
	HID_FILE_CHANGEBITMAP
	HIDR_SRVR_INPLACE
	HID_HELP_SENDEMAIL
	AFX_HIDP_GET_NOT_SUPPORTED
	HID_INDICATOR_POSITION
	HIDD_PREFDRAWING
	HIDD_PREFPRINT
	HIDD_PREFSCENE
	HID_PRINT_FILENAME
	HID_PIECEBAR_NUMBERS
	HID_FILE_EDITPIECELIBRARY
	HIDR_ANIMATORBAR
	HID_FILE_EXPORT_WAVEFRONT
	HID_SNAP_ANGLE
	HID_EDITOR_CONNECTION
	HID_RECORD_FIRST
	HID_EDIT_SELECT_ALL
	HID_PIECE_DELETE
	HID_PIECE_DETACH
	HID_EDIT_SELECTNONE
	HIDD_SAVEDLG_TEMPLATE
	HIDW_PIECESLIST
	HID_SNAP_SNAPX
	HID_SNAP_SNAPY
	HID_SNAP_SNAPZ
	HID_MODDLG_LIGHTS
	HID_FILE_UPDATE
	HID_PIECE_MINIFIGWIZARD
	HID_VIEW_STEP_LAST
	HID_VIEW_STEP_NEXT
	AFX_HIDW_RESIZE_BAR
	AFX_HIDP_SQL_NO_DATA_FOUND
	AFX_HIDP_SQL_EMPTY_COLUMN_LIST
	AFX_HIDP_SQL_ODBC_LOAD_FAILED
	AFX_HIDP_FAILED_TO_CREATE
	HID_FILE_EXPORT_3DSTUDIO
	HID_PART_FILE_IMPORTPIECE
	HIDR_FULLSCREEN
	HID_FILE_MERGEUPDATE
	HID_ACTION_ROTATE_VIEW
	HID_RENDER_BOX
	AFX_HIDD_BUSY
	AFX_HIDP_ARCH_NONE
	HID_RECORD_LAST
	HID_RECORD_NEXT
	HID_RECORD_PREV
	AFX_HIDD_OBJECTPROPERTIES
	HID_VIEW_STEP_FIRST
	HIDD_OPENDLG_TEMPLATE
	AFX_HIDP_FILE_TOO_MANY_OPEN
	HIDD_EXPORTPOV
	HIDD_HTML
	AFX_HIDP_FILE_ACCESS_DENIED
	HIDD_STEP
	HID_ACTION_REMOVE
	HIDD_PREFDETAIL
	HID_ACTION_ROTATE
	HID_EDITOR_INLINE
	HID_VIEWPORT11
	HID_VIEWPORT12
	HID_VIEWPORT13
	HID_VIEWPORT14
	HID_VIEWPORT10
	HID_VIEWPORT01
	HID_VIEWPORT02
	HID_VIEWPORT03
	HID_VIEWPORT04
	HID_VIEWPORT05
	HID_VIEWPORT06
	HID_VIEWPORT07
	HID_VIEWPORT08
	HID_VIEWPORT09
	HID_FILE_SAVE_COPY_AS
	HIDD_PROPPIECES
	AFX_HIDD_CONVERT
	AFX_HIDP_ASK_TO_DISCARD
	AFX_HIDP_SQL_FIELD_SCHEMA_MISMATCH
	AFX_HIDP_SQL_LOCK_MODE_NOT_SUPPORTED
	HID_FORMAT_FONT
	AFX_HIDP_FILE_HARD_IO
	HID_ACTION_SELECT
	HID_EDIT_SELECTBYNAME
	HID_PIECE_ARRAY
	HIDP_OLE_INIT_FAILED
	HID_VIEW_STEP_CHOOSE
	HID_PIECE_GROUP
	AFX_HIDD_CHANGESOURCE
	HID_VIEW_ZOOMIN
	HID_PIECE_INSERT
	HID_INDICATOR_SNAP
	HID_INDICATOR_STEP
	HID_VIEW_MODIFY_BAR
	HID_EDIT_SELECTALL
	HID_PRINT_AUTHOR
	AFX_HIDP_FILE_NOT_FOUND
	HID_EDITOR_VIEW_BACKGROUND
	AFX_HIDW_DOCKBAR_TOP
	AFX_HIDP_DAO_DFX_BIND
	HIDW_PIECESCOMBO
	HID_MODDLG_CAMERAS
	HIDW_PIECEPREVIEW
	HID_FILE_EXPORT_LDRAW
	HID_VIEW_ZOOMOUT
	HID_FILE_PRINTPIECELIST
	HID_ACTION_ZOOM_EXTENTS
	HID_CANCEL_EDIT_SRVR
	HID_PART_GROUP_DELETE
	AFX_HIDP_SQL_ODBC_V2_REQUIRED
	AFX_HIDP_SQL_NO_ROWS_AFFECTED
	HIDR_PIECEEDITOR
	HID_PRINT_CENTER
	HID_OLE_EDIT_CONVERT
	HID_VIEW_PIECES_BAR
	HID_FILE_EXPORT_HTML
	AFX_HIDP_SQL_SQL_CONFORMANCE
	HIDW_GROUPSBAR
	HIDD_SELECT_OBJECTS
	AFX_HIDD_INSERTOBJECT
	HID_ANIMATOR_TOGGLE
	HID_EDITOR_VIEW_BACKFACES
	AFX_HIDP_SQL_RECORDSET_READONLY
	HID_STEP_PREVIOUS
	HID_VIEW_ANIMATION_BAR
	AFX_HIDP_PARSE_RADIO_BUTTON
	HID_PART_FILE_RESET
	HID_PART_FILE_RETURN
	HID_EDITOR_FILE_RETURN
	HIDD_SAVEPICTUREDLG_TEMPLATE
	HID_PIECE_MODIFY
	HIDW_PIECEBAR_SPLITTER
	HID_EDIT_PASTE_SPECIAL
	HIDD_MODIFY
	HID_PART_FILE_SAVEAS
	HID_FILE_PRINTCATALOG
	AFX_HIDP_DAO_ROWTOOSHORT
	AFX_HIDP_SQL_INCORRECT_ODBC
	AFX_HIDP_NO_ERROR_AVAILABLE
	AFX_HIDW_DOCKBAR_BOTTOM
	HIDD_PROGRESS
	AFX_HIDP_FILE_DIR_FULL
	HID_PIECE_UNGROUP
	HID_VIEW_STEP_INSERT
	AFX_HIDP_DAO_BADBINDINFO
	HID_PART_HELP_TOPICS
	HID_ACTION_SPOTLIGHT
	AFX_HIDP_SQL_UPDATE_DELETE_FAILED
	AFX_HIDP_PARSE_DATETIME
	HID_OLE_EDIT_CHANGE_ICON
	AFX_HIDP_ARCH_ENDOFFILE
	HID_EDIT_SELECTINVERT
	HID_ACTION_PAN
	AFX_HIDP_SQL_SQL_NO_TOTAL
	AFX_HIDP_SQL_CONNECT_FAIL
	HIDR_PARTFRAME
	HID_PART_GROUP_INSERT
	AFX_HIDP_SQL_API_CONFORMANCE
	HID_OLE_EDIT_PROPERTIES
	HID_PRINT_PAGENUMBER
	AFX_HIDP_FILE_DISKFULL
	HID_PRINT_LEFTALIGN
	AFX_HIDW_DOCKBAR_LEFT
	AFX_HIDP_FILE_REMOVE_CURRENT
	AFX_HIDP_ARCH_BADCLASS
	AFX_HIDP_SQL_NO_POSITIONED_UPDATES
	HID_OLE_VERB_1
	HID_OLE_VERB_1
	HID_OLE_VERB_1
	HID_OLE_VERB_1
	HID_OLE_VERB_1
	HID_OLE_VERB_1
	HID_OLE_VERB_1
	HID_OLE_VERB_1
	HID_OLE_VERB_1
	HID_OLE_VERB_1
	HID_OLE_VERB_1
	HID_OLE_VERB_1
	HID_OLE_VERB_1
	HID_OLE_VERB_1
	HID_OLE_VERB_1
	HID_OLE_VERB_1
	AFX_HIDP_ARCH_BADINDEX
	HID_HELP_CHECKFORUPDATES
	HID_EDITOR_FLIP
	HID_EDITOR_NEXT
	HID_EDITOR_PREV
	HID_WIZBACK
	HID_WIZNEXT
	HID_EDITOR_GUESS
	HIDR_POPUPS
	AFX_HIDP_PARSE_CURRENCY
	AFX_HIDP_FILE_NONE
	HIDD_PIECEEDITOR
	AFX_HIDP_FAILED_TO_CONVERT
	HID_HELP_FINDER
	AFX_HIDP_FILE_EOF
	HID_FILE_PROPERTIES
	AFX_HIDP_FILE_LOCKING
	AFX_HIDP_SQL_ILLEGAL_MODE
	HID_FILE_EXPORT_POVRAY
	AFX_HIDD_PREVIEW_TOOLBAR
	HID_PART_FILE_IMPORTFOLDER
	HIDD_PROPGENERAL
	AFX_HIDP_SQL_NO_CURRENT_RECORD
	AFX_HIDP_FILE_BAD_PATH
	AFX_HIDP_FILE_BAD_SEEK
	HID_PIECE_UNHIDEALL
	HID_PART_GROUP_MOVEUP
	AFX_HIDP_SQL_ROW_UPDATE_NOT_SUPPORTED
	HID_VIEW_TOOLS_BAR
	HIDR_TOOLSBAR
	AFX_HIDP_FAILED_MAPI_LOAD
	AFX_HIDP_FAILED_MAPI_SEND
	HID_CAMERA_FIRST
	AFX_HIDP_FILE_SHARING
	HID_PIECE_EDITGROUP
	HID_PART_GROUP_MOVEDOWN
	HID_SNAP_SNAPALL
	HID_EDITOR_FILE_NEW
	HID_FILE_PRINT_DIRECT
	HID_ACTION_CAMERA
	HID_FILE_MERGE
	AFX_HIDP_SQL_DYNASET_NOT_SUPPORTED
	HID_PIECEBAR_ZOOMPREVIEW
	AFX_HIDP_SQL_ROW_FETCH
	HID_EDITOR_ADD
	HID_VIEW_PREFERENCES
	AFX_HIDP_SET_NOT_SUPPORTED
	AFX_HIDD_CHANGEICON
	AFX_HIDP_ARCH_BADSCHEMA
	AFX_HIDD_FILEBROWSE
	HID_PIECEBAR_GROUP
	HID_EDITOR_VIEW_CONNECTIONS
	HID_VIEW_STEP_PREVIOUS
	HID_PART_GROUP_RENAME
	HID_PIECE_HIDESELECTED
	HID_HELP_LEOCADHOMEPAGE
	HID_ACTION_LIGHT
	HID_ACTION_PAINT
	HID_SNAP_ON
	AFX_HIDD_EDITLINKS
	AFX_HIDP_SQL_DATA_TRUNCATED
	HID_VIEW_CAMERAS_DUMMY
	HID_WIZFINISH
	HIDD_PROPSUMMARY
	AFX_HIDP_INVALID_MAPI_DLL
	AFX_HIDD_PREVIEW_SHORTTOOLBAR
	AFX_HIDP_DAO_OBJECT_NOT_OPEN
	AFX_HIDP_ARCH_WRITEONLY
	HID_OLE_EDIT_LINKS
	HID_SNAP_SNAPNONE
	HID_EDITOR_FILE_OPEN
	HID_EDITOR_FILE_SAVE
	HID_PIECE_COPYFROMINSTRUCTIONS
	HID_ANIMATOR_KEY
	HID_RENDER_BACKGROUND
	AFX_HIDP_SQL_MULTIPLE_ROWS_AFFECTED
	HID_EDIT_PASTE_LINK
	AFX_HIDP_DAO_ENGINE_INITIALIZATION
	AFX_HIDW_DOCKBAR_FLOAT
	AFX_HIDW_DOCKBAR_RIGHT
	AFX_HIDP_PARSE_BYTE
	AFX_HIDP_PARSE_UINT
	AFX_HIDP_ARCH_GENERIC
	AFX_HIDP_SQL_SNAPSHOT_NOT_SUPPORTED
	HID_PIECEBAR_PREVIEW
	AFX_HIDD_PASTESPECIAL
	AFX_HIDP_FILE_GENERIC
	HID_ACTION_INSERT
	AFX_HIDP_FILE_INVALID_FILE
	HID_ANIMATOR_PLAY
	HID_ANIMATOR_STOP
	HID_VIEW_FULLSCREEN
	HIDR_SRVR_EMBEDDED
	AFX_HIDP_ARCH_READONLY
	AFX_HIDP_SQL_RECORDSET_FORWARD_ONLY
	HID_OLE_INSERT_NEW
	AFX_HIDP_SQL_DYNAMIC_CURSOR_NOT_SUPPORTED
	HID_STEP_NEXT
	HIDW_COLORSLIST
	HID_PIECE_HIDEUNSELECTED
	AFX_HIDP_DAO_COLUMNUNAVAILABLE
	HID_PIECEBAR_COMBOBOX
	HIDR_LEOCADTYPE
72	Topics
48	Jumps
16	Keywords
21	Bitmaps


Created C:\DevStudio\Projects\LEOCAD\hlp\LeoCAD.HLP, 39,691 bytes
Bitmaps: 5,348 bytes
Phrase+Zeck compression decreased help file by 14,263 bytes.
Compile time: 0 minutes, 1 second
2 notes, 7 warnings
